{"timestamp": "2025-08-18T11:58:14.796982", "type": "sensor", "event_type": "sensor_on", "description": "Temperature sensor simulation started"}
{"timestamp": "2025-08-19T10:20:52.515686", "type": "sensor", "event_type": "sensor_on", "description": "Temperature sensor simulation started"}
{"timestamp": "2025-08-19T11:27:25.355983", "type": "sensor", "event_type": "sensor_on", "description": "Temperature sensor simulation started"}
{"timestamp": "2025-08-19T11:29:51.054372", "type": "sensor", "event_type": "sensor_on", "description": "Temperature sensor simulation started"}
{"timestamp": "2025-08-19T11:31:40.265502", "type": "sensor", "event_type": "sensor_on", "description": "Temperature sensor simulation started"}
{"timestamp": "2025-08-19T11:50:53.279539", "type": "sensor", "event_type": "sensor_on", "description": "Temperature sensor simulation started"}
{"timestamp": "2025-08-19T12:00:34.135316", "type": "sensor", "event_type": "sensor_on", "description": "Temperature sensor simulation started"}
{"timestamp": "2025-08-19T14:29:10.825136", "type": "sensor", "event_type": "sensor_on", "description": "Temperature sensor simulation started"}
{"timestamp": "2025-08-19T19:22:27.201376", "type": "sensor", "event_type": "sensor_on", "description": "Temperature sensor simulation started"}
{"timestamp": "2025-08-27T21:28:15.573924", "type": "sensor", "event_type": "sensor_on", "description": "Temperature sensor simulation started"}
{"timestamp": "2025-08-27T21:34:36.281213", "type": "sensor", "event_type": "sensor_on", "description": "Temperature sensor simulation started"}
{"timestamp": "2025-08-27T21:48:28.410620", "type": "sensor", "event_type": "sensor_on", "description": "Temperature sensor simulation started"}
{"timestamp": "2025-08-27T21:53:21.313196", "type": "sensor", "event_type": "sensor_on", "description": "Temperature sensor simulation started"}
{"timestamp": "2025-08-27T22:04:48.556855", "type": "sensor", "event_type": "sensor_on", "description": "Temperature sensor simulation started"}
{"timestamp": "2025-08-27T22:11:39.486907", "type": "sensor", "event_type": "sensor_on", "description": "Temperature sensor simulation started"}
{"timestamp": "2025-08-28T22:00:15.987343", "type": "sensor", "event_type": "sensor_on", "description": "Temperature sensor simulation started"}
{"timestamp": "2025-08-28T22:04:26.528708", "type": "sensor", "event_type": "sensor_on", "description": "Temperature sensor simulation started"}
{"timestamp": "2025-08-29T10:15:49.516647", "type": "sensor", "event_type": "sensor_on", "description": "Temperature sensor simulation started"}
{"timestamp": "2025-08-29T10:25:20.105554", "type": "sensor", "event_type": "sensor_on", "description": "Temperature sensor simulation started"}
{"timestamp": "2025-08-29T11:03:54.139462", "type": "sensor", "event_type": "sensor_on", "description": "Temperature sensor simulation started"}
{"timestamp": "2025-08-29T11:09:52.298156", "type": "sensor", "event_type": "sensor_on", "description": "Temperature sensor simulation started"}
<<<<<<< HEAD
{"timestamp": "2025-08-29T19:22:00.511638", "type": "sensor", "event_type": "sensor_on", "description": "Temperature sensor simulation started"}
=======
{"timestamp": "2025-09-01T13:21:08.153477", "type": "sensor", "event_type": "sensor_on", "description": "Temperature sensor simulation started"}
>>>>>>> d625482bec7b959b244fea45e70e2077cdc2851f
{"timestamp": "2025-09-01T23:10:02.270967", "type": "sensor", "event_type": "sensor_on", "description": "Temperature sensor simulation started"}
{"timestamp": "2025-09-02T10:10:46.764377", "type": "sensor", "event_type": "sensor_on", "description": "Temperature sensor simulation started"}
{"timestamp": "2025-09-02T10:11:42.578360", "type": "sensor", "event_type": "sensor_off", "description": "Temperature sensor simulation stopped"}
{"timestamp": "2025-09-02T10:50:42.843515", "type": "sensor", "event_type": "sensor_on", "description": "Temperature sensor simulation started"}
{"timestamp": "2025-09-02T11:02:40.174789", "type": "sensor", "event_type": "sensor_on", "description": "Temperature sensor simulation started"}
